cl : command line warning D9035: option 'Gm' has been deprecated and will be removed in a future release
  winmain.cpp
D:\School\GPP Programs\GPP-Assignment-2\Synth\constants.h(58,27): warning C4305: 'initializing': truncation from 'double' to 'float'
D:\School\GPP Programs\GPP-Assignment-2\Synth\player.h(18,47): warning C4244: 'initializing': conversion from 'float' to 'int', possible loss of data
D:\School\GPP Programs\GPP-Assignment-2\Synth\ground.h(18,47): warning C4244: 'initializing': conversion from 'float' to 'int', possible loss of data
D:\School\GPP Programs\GPP-Assignment-2\Synth\killbox.h(18,47): warning C4244: 'initializing': conversion from 'float' to 'int', possible loss of data
  spacewar.cpp
D:\School\GPP Programs\GPP-Assignment-2\Synth\constants.h(58,27): warning C4305: 'initializing': truncation from 'double' to 'float'
D:\School\GPP Programs\GPP-Assignment-2\Synth\player.h(18,47): warning C4244: 'initializing': conversion from 'float' to 'int', possible loss of data
D:\School\GPP Programs\GPP-Assignment-2\Synth\ground.h(18,47): warning C4244: 'initializing': conversion from 'float' to 'int', possible loss of data
D:\School\GPP Programs\GPP-Assignment-2\Synth\killbox.h(18,47): warning C4244: 'initializing': conversion from 'float' to 'int', possible loss of data
  nportal.cpp
D:\School\GPP Programs\GPP-Assignment-2\Synth\constants.h(58,27): warning C4305: 'initializing': truncation from 'double' to 'float'
D:\School\GPP Programs\GPP-Assignment-2\Synth\nportal.cpp(11,17): warning C4146: unary minus operator applied to unsigned type, result still unsigned
D:\School\GPP Programs\GPP-Assignment-2\Synth\nportal.cpp(12,16): warning C4146: unary minus operator applied to unsigned type, result still unsigned
D:\School\GPP Programs\GPP-Assignment-2\Synth\nportal.cpp(18,36): warning C4244: '=': conversion from 'float' to 'int', possible loss of data
D:\School\GPP Programs\GPP-Assignment-2\Synth\nportal.cpp(19,38): warning C4244: '=': conversion from 'float' to 'int', possible loss of data
  hsPortal.cpp
D:\School\GPP Programs\GPP-Assignment-2\Synth\constants.h(58,27): warning C4305: 'initializing': truncation from 'double' to 'float'
D:\School\GPP Programs\GPP-Assignment-2\Synth\hsPortal.cpp(11,17): warning C4146: unary minus operator applied to unsigned type, result still unsigned
D:\School\GPP Programs\GPP-Assignment-2\Synth\hsPortal.cpp(12,16): warning C4146: unary minus operator applied to unsigned type, result still unsigned
D:\School\GPP Programs\GPP-Assignment-2\Synth\hsPortal.cpp(18,37): warning C4244: '=': conversion from 'float' to 'int', possible loss of data
D:\School\GPP Programs\GPP-Assignment-2\Synth\hsPortal.cpp(19,39): warning C4244: '=': conversion from 'float' to 'int', possible loss of data
  dsportal.cpp
D:\School\GPP Programs\GPP-Assignment-2\Synth\constants.h(58,27): warning C4305: 'initializing': truncation from 'double' to 'float'
D:\School\GPP Programs\GPP-Assignment-2\Synth\dsportal.cpp(11,17): warning C4146: unary minus operator applied to unsigned type, result still unsigned
D:\School\GPP Programs\GPP-Assignment-2\Synth\dsportal.cpp(12,16): warning C4146: unary minus operator applied to unsigned type, result still unsigned
D:\School\GPP Programs\GPP-Assignment-2\Synth\dsportal.cpp(18,37): warning C4244: '=': conversion from 'float' to 'int', possible loss of data
D:\School\GPP Programs\GPP-Assignment-2\Synth\dsportal.cpp(19,39): warning C4244: '=': conversion from 'float' to 'int', possible loss of data
  Generating Code...
dsportal.obj : warning LNK4075: ignoring '/EDITANDCONTINUE' due to '/SAFESEH' specification
  PlanetCollision.vcxproj -> D:\School\GPP Programs\GPP-Assignment-2\Synth\Debug\PlanetCollision.exe
